# JRE version: OpenJDK Runtime Environment (16.0.2+7) (build 16.0.2+7-67)
# Java VM: OpenJDK 64-Bit Server VM (16.0.2+7-67, mixed mode, tiered, compressed oops, compressed class ptrs, g1 gc, windows-amd64)
GC Precious Log:
 CPUs: 12 total, 12 available
 Memory: 12057M
 Large Page Support: Disabled
 NUMA Support: Disabled
 Compressed Oops: Enabled (Zero based)
 Heap Region Size: 2M
 Heap Min Capacity: 8M
 Heap Initial Capacity: 190M
 Heap Max Capacity: 3016M
 Pre-touch: Disabled
 Parallel Workers: 10
 Concurrent Workers: 3
 Concurrent Refinement Workers: 10
 Periodic GC: Disabled
Heap:
 garbage-first heap   total 90112K, used 52471K [0x0000000743800000, 0x0000000800000000)
  region size 2048K, 15 young (30720K), 2 survivors (4096K)
 Metaspace       used 74001K, committed 74432K, reserved 1114112K
  class space    used 9854K, committed 10048K, reserved 1048576K
GC Heap History (20 events):
Event: 2.415 GC heap before
{Heap before GC invocations=15 (full 0):
 garbage-first heap   total 71680K, used 52097K [0x0000000743800000, 0x0000000800000000)
  region size 2048K, 19 young (38912K), 1 survivors (2048K)
 Metaspace       used 42348K, committed 42816K, reserved 1089536K
  class space    used 5285K, committed 5504K, reserved 1048576K
}
Event: 2.417 GC heap after
{Heap after GC invocations=16 (full 0):
 garbage-first heap   total 71680K, used 18004K [0x0000000743800000, 0x0000000800000000)
  region size 2048K, 1 young (2048K), 1 survivors (2048K)
 Metaspace       used 42348K, committed 42816K, reserved 1089536K
  class space    used 5285K, committed 5504K, reserved 1048576K
}
Event: 2.626 GC heap before
{Heap before GC invocations=16 (full 0):
 garbage-first heap   total 71680K, used 54868K [0x0000000743800000, 0x0000000800000000)
  region size 2048K, 19 young (38912K), 1 survivors (2048K)
 Metaspace       used 45838K, committed 46144K, reserved 1089536K
  class space    used 5925K, committed 6080K, reserved 1048576K
}
Event: 2.628 GC heap after
{Heap after GC invocations=17 (full 0):
 garbage-first heap   total 71680K, used 18442K [0x0000000743800000, 0x0000000800000000)
  region size 2048K, 1 young (2048K), 1 survivors (2048K)
 Metaspace       used 45838K, committed 46144K, reserved 1089536K
  class space    used 5925K, committed 6080K, reserved 1048576K
}
Event: 4.440 GC heap before
{Heap before GC invocations=17 (full 0):
 garbage-first heap   total 71680K, used 57354K [0x0000000743800000, 0x0000000800000000)
  region size 2048K, 20 young (40960K), 1 survivors (2048K)
 Metaspace       used 51827K, committed 52224K, reserved 1097728K
  class space    used 6641K, committed 6784K, reserved 1048576K
}
Event: 4.442 GC heap after
{Heap after GC invocations=18 (full 0):
 garbage-first heap   total 71680K, used 20972K [0x0000000743800000, 0x0000000800000000)
  region size 2048K, 3 young (6144K), 3 survivors (6144K)
 Metaspace       used 51827K, committed 52224K, reserved 1097728K
  class space    used 6641K, committed 6784K, reserved 1048576K
}
Event: 4.628 GC heap before
{Heap before GC invocations=18 (full 0):
 garbage-first heap   total 71680K, used 51692K [0x0000000743800000, 0x0000000800000000)
  region size 2048K, 19 young (38912K), 3 survivors (6144K)
 Metaspace       used 55037K, committed 55424K, reserved 1097728K
  class space    used 7120K, committed 7296K, reserved 1048576K
}
Event: 4.632 GC heap after
{Heap after GC invocations=19 (full 0):
 garbage-first heap   total 71680K, used 22205K [0x0000000743800000, 0x0000000800000000)
  region size 2048K, 3 young (6144K), 3 survivors (6144K)
 Metaspace       used 55037K, committed 55424K, reserved 1097728K
  class space    used 7120K, committed 7296K, reserved 1048576K
}
Event: 4.828 GC heap before
{Heap before GC invocations=19 (full 0):
 garbage-first heap   total 71680K, used 54973K [0x0000000743800000, 0x0000000800000000)
  region size 2048K, 19 young (38912K), 3 survivors (6144K)
 Metaspace       used 58187K, committed 58624K, reserved 1105920K
  class space    used 7585K, committed 7808K, reserved 1048576K
}
Event: 4.831 GC heap after
{Heap after GC invocations=20 (full 0):
 garbage-first heap   total 143360K, used 22529K [0x0000000743800000, 0x0000000800000000)
  region size 2048K, 1 young (2048K), 1 survivors (2048K)
 Metaspace       used 58187K, committed 58624K, reserved 1105920K
  class space    used 7585K, committed 7808K, reserved 1048576K
}
Event: 4.948 GC heap before
{Heap before GC invocations=20 (full 0):
 garbage-first heap   total 143360K, used 38913K [0x0000000743800000, 0x0000000800000000)
  region size 2048K, 10 young (20480K), 1 survivors (2048K)
 Metaspace       used 59492K, committed 59840K, reserved 1105920K
  class space    used 7812K, committed 8000K, reserved 1048576K
}
Event: 4.950 GC heap after
{Heap after GC invocations=21 (full 0):
 garbage-first heap   total 143360K, used 22580K [0x0000000743800000, 0x0000000800000000)
  region size 2048K, 1 young (2048K), 1 survivors (2048K)
 Metaspace       used 59492K, committed 59840K, reserved 1105920K
  class space    used 7812K, committed 8000K, reserved 1048576K
}
Event: 6.587 GC heap before
{Heap before GC invocations=22 (full 0):
 garbage-first heap   total 90112K, used 73780K [0x0000000743800000, 0x0000000800000000)
  region size 2048K, 26 young (53248K), 1 survivors (2048K)
 Metaspace       used 63262K, committed 63616K, reserved 1105920K
  class space    used 8375K, committed 8576K, reserved 1048576K
}
Event: 6.591 GC heap after
{Heap after GC invocations=23 (full 0):
 garbage-first heap   total 90112K, used 24243K [0x0000000743800000, 0x0000000800000000)
  region size 2048K, 2 young (4096K), 2 survivors (4096K)
 Metaspace       used 63262K, committed 63616K, reserved 1105920K
  class space    used 8375K, committed 8576K, reserved 1048576K
}
Event: 6.923 GC heap before
{Heap before GC invocations=23 (full 0):
 garbage-first heap   total 90112K, used 71347K [0x0000000743800000, 0x0000000800000000)
  region size 2048K, 25 young (51200K), 2 survivors (4096K)
 Metaspace       used 66257K, committed 66624K, reserved 1114112K
  class space    used 8777K, committed 8960K, reserved 1048576K
}
Event: 6.927 GC heap after
{Heap after GC invocations=24 (full 0):
 garbage-first heap   total 90112K, used 26285K [0x0000000743800000, 0x0000000800000000)
  region size 2048K, 3 young (6144K), 3 survivors (6144K)
 Metaspace       used 66257K, committed 66624K, reserved 1114112K
  class space    used 8777K, committed 8960K, reserved 1048576K
}
Event: 7.270 GC heap before
{Heap before GC invocations=24 (full 0):
 garbage-first heap   total 90112K, used 71341K [0x0000000743800000, 0x0000000800000000)
  region size 2048K, 25 young (51200K), 3 survivors (6144K)
 Metaspace       used 69583K, committed 70016K, reserved 1114112K
  class space    used 9259K, committed 9472K, reserved 1048576K
}
Event: 7.275 GC heap after
{Heap after GC invocations=25 (full 0):
 garbage-first heap   total 90112K, used 29037K [0x0000000743800000, 0x0000000800000000)
  region size 2048K, 4 young (8192K), 4 survivors (8192K)
 Metaspace       used 69583K, committed 70016K, reserved 1114112K
  class space    used 9259K, committed 9472K, reserved 1048576K
}
Event: 11.436 GC heap before
{Heap before GC invocations=25 (full 0):
 garbage-first heap   total 90112K, used 65901K [0x0000000743800000, 0x0000000800000000)
  region size 2048K, 23 young (47104K), 4 survivors (8192K)
 Metaspace       used 72380K, committed 72832K, reserved 1114112K
  class space    used 9636K, committed 9856K, reserved 1048576K
}
Event: 11.442 GC heap after
{Heap after GC invocations=26 (full 0):
 garbage-first heap   total 90112K, used 29943K [0x0000000743800000, 0x0000000800000000)
  region size 2048K, 2 young (4096K), 2 survivors (4096K)
 Metaspace       used 72380K, committed 72832K, reserved 1114112K
  class space    used 9636K, committed 9856K, reserved 1048576K
}

